# JRE version: Java(TM) SE Runtime Environment (8.0_60-b27) (build 1.8.0_60-b27)
# Java VM: Java HotSpot(TM) 64-Bit Server VM (25.60-b23 mixed mode windows-amd64 compressed oops)
Heap:
 PSYoungGen      total 294912K, used 107248K [0x000000076ab00000, 0x0000000791a00000, 0x00000007c0000000)
  eden space 261120K, 30% used [0x000000076ab00000,0x000000076f8db5e0,0x000000077aa00000)
  from space 33792K, 81% used [0x000000077aa00000,0x000000077c4e0c30,0x000000077cb00000)
  to   space 57856K, 0% used [0x000000078e180000,0x000000078e180000,0x0000000791a00000)
 ParOldGen       total 87552K, used 87071K [0x00000006c0000000, 0x00000006c5580000, 0x000000076ab00000)
  object space 87552K, 99% used [0x00000006c0000000,0x00000006c5507ec8,0x00000006c5580000)
 Metaspace       used 7150K, capacity 7736K, committed 7936K, reserved 1056768K
  class space    used 656K, capacity 688K, committed 768K, reserved 1048576K
GC Heap History (10 events):
Event: 6.679 GC heap before
{Heap before GC invocations=4 (full 0):
 PSYoungGen      total 71680K, used 71679K [0x000000076ab00000, 0x0000000773700000, 0x00000007c0000000)
  eden space 66560K, 100% used [0x000000076ab00000,0x000000076ec00000,0x000000076ec00000)
  from space 5120K, 99% used [0x000000076ec00000,0x000000076f0ffe08,0x000000076f100000)
  to   space 5120K, 0% used [0x0000000773200000,0x0000000773200000,0x0000000773700000)
 ParOldGen       total 87552K, used 17061K [0x00000006c0000000, 0x00000006c5580000, 0x000000076ab00000)
  object space 87552K, 19% used [0x00000006c0000000,0x00000006c10a9720,0x00000006c5580000)
 Metaspace       used 6565K, capacity 7286K, committed 7552K, reserved 1056768K
  class space    used 616K, capacity 622K, committed 640K, reserved 1048576K
Event: 6.892 GC heap after
Heap after GC invocations=4 (full 0):
 PSYoungGen      total 138240K, used 5118K [0x000000076ab00000, 0x0000000773700000, 0x00000007c0000000)
  eden space 133120K, 0% used [0x000000076ab00000,0x000000076ab00000,0x0000000772d00000)
  from space 5120K, 99% used [0x0000000773200000,0x00000007736ffb38,0x0000000773700000)
  to   space 5120K, 0% used [0x0000000772d00000,0x0000000772d00000,0x0000000773200000)
 ParOldGen       total 87552K, used 28010K [0x00000006c0000000, 0x00000006c5580000, 0x000000076ab00000)
  object space 87552K, 31% used [0x00000006c0000000,0x00000006c1b5a9b8,0x00000006c5580000)
 Metaspace       used 6565K, capacity 7286K, committed 7552K, reserved 1056768K
  class space    used 616K, capacity 622K, committed 640K, reserved 1048576K
}
Event: 9.592 GC heap before
{Heap before GC invocations=5 (full 0):
 PSYoungGen      total 138240K, used 138238K [0x000000076ab00000, 0x0000000773700000, 0x00000007c0000000)
  eden space 133120K, 100% used [0x000000076ab00000,0x0000000772d00000,0x0000000772d00000)
  from space 5120K, 99% used [0x0000000773200000,0x00000007736ffb38,0x0000000773700000)
  to   space 5120K, 0% used [0x0000000772d00000,0x0000000772d00000,0x0000000773200000)
 ParOldGen       total 87552K, used 28010K [0x00000006c0000000, 0x00000006c5580000, 0x000000076ab00000)
  object space 87552K, 31% used [0x00000006c0000000,0x00000006c1b5a9b8,0x00000006c5580000)
 Metaspace       used 6701K, capacity 7320K, committed 7680K, reserved 1056768K
  class space    used 635K, capacity 656K, committed 768K, reserved 1048576K
Event: 9.691 GC heap after
Heap after GC invocations=5 (full 0):
 PSYoungGen      total 138240K, used 5105K [0x000000076ab00000, 0x000000077e700000, 0x00000007c0000000)
  eden space 133120K, 0% used [0x000000076ab00000,0x000000076ab00000,0x0000000772d00000)
  from space 5120K, 99% used [0x0000000772d00000,0x00000007731fc748,0x0000000773200000)
  to   space 28672K, 0% used [0x000000077cb00000,0x000000077cb00000,0x000000077e700000)
 ParOldGen       total 87552K, used 48741K [0x00000006c0000000, 0x00000006c5580000, 0x000000076ab00000)
  object space 87552K, 55% used [0x00000006c0000000,0x00000006c2f99488,0x00000006c5580000)
 Metaspace       used 6701K, capacity 7320K, committed 7680K, reserved 1056768K
  class space    used 635K, capacity 656K, committed 768K, reserved 1048576K
}
Event: 10.482 GC heap before
{Heap before GC invocations=6 (full 0):
 PSYoungGen      total 138240K, used 138225K [0x000000076ab00000, 0x000000077e700000, 0x00000007c0000000)
  eden space 133120K, 100% used [0x000000076ab00000,0x0000000772d00000,0x0000000772d00000)
  from space 5120K, 99% used [0x0000000772d00000,0x00000007731fc748,0x0000000773200000)
  to   space 28672K, 0% used [0x000000077cb00000,0x000000077cb00000,0x000000077e700000)
 ParOldGen       total 87552K, used 48741K [0x00000006c0000000, 0x00000006c5580000, 0x000000076ab00000)
  object space 87552K, 55% used [0x00000006c0000000,0x00000006c2f99488,0x00000006c5580000)
 Metaspace       used 6706K, capacity 7320K, committed 7680K, reserved 1056768K
  class space    used 635K, capacity 656K, committed 768K, reserved 1048576K
Event: 10.633 GC heap after
Heap after GC invocations=6 (full 0):
 PSYoungGen      total 289792K, used 27648K [0x000000076ab00000, 0x000000077f100000, 0x00000007c0000000)
  eden space 261120K, 0% used [0x000000076ab00000,0x000000076ab00000,0x000000077aa00000)
  from space 28672K, 96% used [0x000000077cb00000,0x000000077e600350,0x000000077e700000)
  to   space 33792K, 0% used [0x000000077aa00000,0x000000077aa00000,0x000000077cb00000)
 ParOldGen       total 87552K, used 48749K [0x00000006c0000000, 0x00000006c5580000, 0x000000076ab00000)
  object space 87552K, 55% used [0x00000006c0000000,0x00000006c2f9b488,0x00000006c5580000)
 Metaspace       used 6706K, capacity 7320K, committed 7680K, reserved 1056768K
  class space    used 635K, capacity 656K, committed 768K, reserved 1048576K
}
Event: 12.866 GC heap before
{Heap before GC invocations=7 (full 0):
 PSYoungGen      total 289792K, used 288768K [0x000000076ab00000, 0x000000077f100000, 0x00000007c0000000)
  eden space 261120K, 100% used [0x000000076ab00000,0x000000077aa00000,0x000000077aa00000)
  from space 28672K, 96% used [0x000000077cb00000,0x000000077e600350,0x000000077e700000)
  to   space 33792K, 0% used [0x000000077aa00000,0x000000077aa00000,0x000000077cb00000)
 ParOldGen       total 87552K, used 48749K [0x00000006c0000000, 0x00000006c5580000, 0x000000076ab00000)
  object space 87552K, 55% used [0x00000006c0000000,0x00000006c2f9b488,0x00000006c5580000)
 Metaspace       used 6719K, capacity 7320K, committed 7680K, reserved 1056768K
  class space    used 636K, capacity 656K, committed 768K, reserved 1048576K
Event: 13.084 GC heap after
Heap after GC invocations=7 (full 0):
 PSYoungGen      total 294912K, used 33791K [0x000000076ab00000, 0x0000000791a00000, 0x00000007c0000000)
  eden space 261120K, 0% used [0x000000076ab00000,0x000000076ab00000,0x000000077aa00000)
  from space 33792K, 99% used [0x000000077aa00000,0x000000077caffcf0,0x000000077cb00000)
  to   space 57856K, 0% used [0x000000078e180000,0x000000078e180000,0x0000000791a00000)
 ParOldGen       total 87552K, used 84713K [0x00000006c0000000, 0x00000006c5580000, 0x000000076ab00000)
  object space 87552K, 96% used [0x00000006c0000000,0x00000006c52ba790,0x00000006c5580000)
 Metaspace       used 6719K, capacity 7320K, committed 7680K, reserved 1056768K
  class space    used 636K, capacity 656K, committed 768K, reserved 1048576K
}
Event: 13.084 GC heap before
{Heap before GC invocations=8 (full 1):
 PSYoungGen      total 294912K, used 33791K [0x000000076ab00000, 0x0000000791a00000, 0x00000007c0000000)
  eden space 261120K, 0% used [0x000000076ab00000,0x000000076ab00000,0x000000077aa00000)
  from space 33792K, 99% used [0x000000077aa00000,0x000000077caffcf0,0x000000077cb00000)
  to   space 57856K, 0% used [0x000000078e180000,0x000000078e180000,0x0000000791a00000)
 ParOldGen       total 87552K, used 84713K [0x00000006c0000000, 0x00000006c5580000, 0x000000076ab00000)
  object space 87552K, 96% used [0x00000006c0000000,0x00000006c52ba790,0x00000006c5580000)
 Metaspace       used 6719K, capacity 7320K, committed 7680K, reserved 1056768K
  class space    used 636K, capacity 656K, committed 768K, reserved 1048576K
Event: 20.016 GC heap after
Heap after GC invocations=8 (full 1):
 PSYoungGen      total 294912K, used 27523K [0x000000076ab00000, 0x0000000791a00000, 0x00000007c0000000)
  eden space 261120K, 0% used [0x000000076ab00000,0x000000076ab00000,0x000000077aa00000)
  from space 33792K, 81% used [0x000000077aa00000,0x000000077c4e0c30,0x000000077cb00000)
  to   space 57856K, 0% used [0x000000078e180000,0x000000078e180000,0x0000000791a00000)
 ParOldGen       total 87552K, used 87071K [0x00000006c0000000, 0x00000006c5580000, 0x000000076ab00000)
  object space 87552K, 99% used [0x00000006c0000000,0x00000006c5507ec8,0x00000006c5580000)
 Metaspace       used 6719K, capacity 7320K, committed 7680K, reserved 1056768K
  class space    used 636K, capacity 656K, committed 768K, reserved 1048576K
}

